<?xml version="1.0" encoding="UTF-8"?>
<!-- Generated by org.testng.reporters.JUnitReportReporter -->
<testsuite skipped="0" hostname="DESKTOP-V6SGTP8" name="JenkinsMaven.Project01.BrowserHandles" tests="1" failures="0" timestamp="2022-04-28T16:30:42 IST" time="9.583" errors="0">
  <testcase name="TestCase01" time="9.583" classname="JenkinsMaven.Project01.BrowserHandles"/>
  <system-out/>
</testsuite> <!-- JenkinsMaven.Project01.BrowserHandles -->
