<?xml version="1.0" encoding="UTF-8"?>
<!-- Generated by org.testng.reporters.JUnitReportReporter -->
<testsuite hostname="DESKTOP-V6SGTP8" failures="0" tests="1" name="JenkinsMaven.Project01.BrowserHandles" time="5.111" errors="0" timestamp="2022-04-28T17:02:13 IST" skipped="0">
  <testcase classname="JenkinsMaven.Project01.BrowserHandles" name="TestCase01" time="5.111"/>
  <system-out/>
</testsuite> <!-- JenkinsMaven.Project01.BrowserHandles -->
