<?xml version="1.0" encoding="UTF-8"?>
<!-- Generated by org.testng.reporters.JUnitReportReporter -->
<testsuite skipped="0" hostname="DESKTOP-V6SGTP8" name="JenkinsMaven.Project01.BrowserHandles" tests="1" failures="0" timestamp="2022-05-02T00:25:53 IST" time="34.521" errors="0">
  <testcase name="TestCase01" time="34.521" classname="JenkinsMaven.Project01.BrowserHandles"/>
  <system-out/>
</testsuite> <!-- JenkinsMaven.Project01.BrowserHandles -->
